<?xml version="1.0" encoding="UTF-8"?>
<testsuite name="is.ru.hugb.CalculatorTest" tests="5" skipped="0" failures="0" errors="0" timestamp="2017-10-14T16:10:33" hostname="Helgi" time="0.011">
  <properties/>
  <testcase name="testMultipleNumbers" classname="is.ru.hugb.CalculatorTest" time="0.008"/>
  <testcase name="testEmptyString" classname="is.ru.hugb.CalculatorTest" time="0.0"/>
  <testcase name="testNewLine" classname="is.ru.hugb.CalculatorTest" time="0.001"/>
  <testcase name="testOneNumbers" classname="is.ru.hugb.CalculatorTest" time="0.0"/>
  <testcase name="testTwoNumbers" classname="is.ru.hugb.CalculatorTest" time="0.0"/>
  <system-out><![CDATA[]]></system-out>
  <system-err><![CDATA[]]></system-err>
</testsuite>
