<?xml version="1.0" encoding="UTF-8"?>
<testsuite name="is.ru.hugb.CalculatorTest" tests="1" skipped="0" failures="0" errors="0" timestamp="2017-10-11T10:15:24" hostname="Helgi" time="0.019">
  <properties/>
  <testcase name="testEmptyString" classname="is.ru.hugb.CalculatorTest" time="0.019"/>
  <system-out><![CDATA[]]></system-out>
  <system-err><![CDATA[]]></system-err>
</testsuite>
