<?xml version="1.0" encoding="UTF-8"?>
<testsuite name="is.ru.hugb.CalculatorTest" tests="9" skipped="0" failures="0" errors="0" timestamp="2017-10-15T15:05:55" hostname="Helgi" time="0.01">
  <properties/>
  <testcase name="testMultipleNumbers" classname="is.ru.hugb.CalculatorTest" time="0.006"/>
  <testcase name="testDelimeter" classname="is.ru.hugb.CalculatorTest" time="0.0"/>
  <testcase name="testEmptyString" classname="is.ru.hugb.CalculatorTest" time="0.0"/>
  <testcase name="testNegativeNumber" classname="is.ru.hugb.CalculatorTest" time="0.001"/>
  <testcase name="testDelimeterNegative" classname="is.ru.hugb.CalculatorTest" time="0.0"/>
  <testcase name="testNewLine" classname="is.ru.hugb.CalculatorTest" time="0.001"/>
  <testcase name="testBigNumber" classname="is.ru.hugb.CalculatorTest" time="0.0"/>
  <testcase name="testOneNumbers" classname="is.ru.hugb.CalculatorTest" time="0.001"/>
  <testcase name="testTwoNumbers" classname="is.ru.hugb.CalculatorTest" time="0.0"/>
  <system-out><![CDATA[]]></system-out>
  <system-err><![CDATA[]]></system-err>
</testsuite>
